[2019-07-28T01:19:03.403] [INFO] default - 1564276743402:INFO: initializeDb(): Dropping lists collection
[2019-07-28T01:19:03.412] [WARN] default - 1564276743412:WARN: initializeDb(): Error while initializing database: ns not found
[2019-07-28T01:19:03.412] [INFO] default - 1564276743412:INFO: initializeDb(): Dropping items collection
[2019-07-28T01:19:03.414] [WARN] default - 1564276743414:WARN: initializeDb(): Error while initializing database: ns not found
[2019-07-28T01:19:03.414] [INFO] default - 1564276743414:INFO: initializeDb(): Dropping brands collection
[2019-07-28T01:19:03.415] [WARN] default - 1564276743415:WARN: initializeDb(): Error while initializing database: ns not found
[2019-07-28T01:19:03.416] [INFO] default - 1564276743416:INFO: mainline(): Initializing MongoDB... Done.
[2019-07-28T01:19:03.433] [INFO] default - 1564276743433:INFO: mainline(): Script start at: 7/28/2019, 1:19:03 AM
[2019-07-28T01:19:03.433] [INFO] default - 1564276743433:INFO: mainline: Loading data for brand...
[2019-07-28T01:19:03.433] [INFO] default - 1564276743433:INFO: loadData(): Loading data files...
[2019-07-28T01:19:03.435] [ERROR] default - 1564276743435:ERROR: loadData():readableStream.on(error): Error: ENOENT: no such file or directory, open '../data/Grocery_Brands_Database.csv'
[2019-07-28T01:19:03.435] [ERROR] default - 1564276743435:ERROR: mainline()(): Better luck next time: ENOENT: no such file or directory, open '../data/Grocery_Brands_Database.csv'
[2019-07-28T01:20:42.480] [INFO] default - 1564276842479:INFO: initializeDb(): Dropping lists collection
[2019-07-28T01:20:42.488] [WARN] default - 1564276842488:WARN: initializeDb(): Error while initializing database: ns not found
[2019-07-28T01:20:42.488] [INFO] default - 1564276842488:INFO: initializeDb(): Dropping items collection
[2019-07-28T01:20:42.490] [WARN] default - 1564276842490:WARN: initializeDb(): Error while initializing database: ns not found
[2019-07-28T01:20:42.490] [INFO] default - 1564276842490:INFO: initializeDb(): Dropping brands collection
[2019-07-28T01:20:42.491] [WARN] default - 1564276842491:WARN: initializeDb(): Error while initializing database: ns not found
[2019-07-28T01:20:42.492] [INFO] default - 1564276842492:INFO: mainline(): Initializing MongoDB... Done.
[2019-07-28T01:20:42.496] [INFO] default - 1564276842496:INFO: mainline(): Script start at: 7/28/2019, 1:20:42 AM
[2019-07-28T01:20:42.497] [INFO] default - 1564276842497:INFO: mainline: Loading data for brand...
[2019-07-28T01:20:42.497] [INFO] default - 1564276842497:INFO: loadData(): Loading data files...
[2019-07-28T01:20:42.498] [INFO] default - 1564276842498:INFO: loadData():readableStream.on(open): Opened file: ../data/Grocery_Brands_Database.csv
[2019-07-28T01:20:43.764] [INFO] default - 1564276843764:INFO: loadData():readableStream.on(close): Closed file: ../data/Grocery_Brands_Database.csv
[2019-07-28T01:20:43.765] [INFO] default - 1564276843765:INFO: mainline(): Loading brand data, done.
[2019-07-28T01:20:43.765] [INFO] default - 1564276843765:INFO: mainline(): Loading data for item...
[2019-07-28T01:20:43.765] [INFO] default - 1564276843765:INFO: loadData(): Loading data files...
[2019-07-28T01:20:43.773] [INFO] default - 1564276843773:INFO: loadData():readableStream.on(open): Opened file: ../data/Grocery_UPC_Database.csv
[2019-07-28T01:27:04.112] [INFO] default - 1564277224111:INFO: lists-dao-mongogb.getDbConnection(): Initializing MongoDB connection...
[2019-07-28T01:27:04.129] [INFO] default - 1564277224129:INFO: items-dao-mongogb.getDbConnection(): Initializing MongoDB connection...
[2019-07-28T01:27:04.153] [INFO] default - 1564277224153:INFO: lists-dao-mongogb.getDbConnection(): MongoDB connection initialized.
[2019-07-28T01:27:04.154] [INFO] default - 1564277224154:INFO: items-dao-mongogb.getDbConnection(): MongoDB connection initialized.
[2019-07-28T01:37:33.561] [INFO] default - 1564277853560:INFO: lists-dao-mongogb.getDbConnection(): Initializing MongoDB connection...
[2019-07-28T01:37:33.579] [INFO] default - 1564277853579:INFO: items-dao-mongogb.getDbConnection(): Initializing MongoDB connection...
[2019-07-28T01:37:33.603] [INFO] default - 1564277853603:INFO: items-dao-mongogb.getDbConnection(): MongoDB connection initialized.
[2019-07-28T01:37:33.604] [INFO] default - 1564277853604:INFO: lists-dao-mongogb.getDbConnection(): MongoDB connection initialized.
[2019-07-28T01:40:57.337] [INFO] default - 1564278057337:INFO: lists-dao-mongogb.getDbConnection(): Initializing MongoDB connection...
[2019-07-28T01:40:57.355] [INFO] default - 1564278057355:INFO: items-dao-mongogb.getDbConnection(): Initializing MongoDB connection...
[2019-07-28T01:40:57.380] [INFO] default - 1564278057380:INFO: items-dao-mongogb.getDbConnection(): MongoDB connection initialized.
[2019-07-28T01:40:57.382] [INFO] default - 1564278057382:INFO: lists-dao-mongogb.getDbConnection(): MongoDB connection initialized.
[2019-07-28T01:54:10.958] [INFO] default - 1564278850958:INFO: lists-dao-mongogb.getDbConnection(): Initializing MongoDB connection...
[2019-07-28T01:54:10.975] [INFO] default - 1564278850975:INFO: items-dao-mongogb.getDbConnection(): Initializing MongoDB connection...
[2019-07-28T01:54:10.998] [INFO] default - 1564278850998:INFO: lists-dao-mongogb.getDbConnection(): MongoDB connection initialized.
[2019-07-28T01:54:11.000] [INFO] default - 1564278851000:INFO: items-dao-mongogb.getDbConnection(): MongoDB connection initialized.
[2019-07-28T11:43:09.775] [INFO] default - 1564314189775:INFO: lists-dao-mongogb.getDbConnection(): Initializing MongoDB connection...
[2019-07-28T11:43:09.792] [INFO] default - 1564314189792:INFO: items-dao-mongogb.getDbConnection(): Initializing MongoDB connection...
[2019-07-28T11:43:09.816] [INFO] default - 1564314189816:INFO: items-dao-mongogb.getDbConnection(): MongoDB connection initialized.
[2019-07-28T11:43:09.817] [INFO] default - 1564314189817:INFO: lists-dao-mongogb.getDbConnection(): MongoDB connection initialized.
[2019-07-28T11:46:11.342] [INFO] default - 1564314371341:INFO: lists-dao-mongogb.getDbConnection(): Initializing MongoDB connection...
[2019-07-28T11:46:11.359] [INFO] default - 1564314371359:INFO: items-dao-mongogb.getDbConnection(): Initializing MongoDB connection...
[2019-07-28T11:46:11.383] [INFO] default - 1564314371383:INFO: items-dao-mongogb.getDbConnection(): MongoDB connection initialized.
[2019-07-28T11:46:11.384] [INFO] default - 1564314371384:INFO: lists-dao-mongogb.getDbConnection(): MongoDB connection initialized.
[2019-07-28T11:49:08.530] [INFO] default - 1564314548530:INFO: lists-dao-mongogb.getDbConnection(): Initializing MongoDB connection...
[2019-07-28T11:49:08.547] [INFO] default - 1564314548547:INFO: items-dao-mongogb.getDbConnection(): Initializing MongoDB connection...
[2019-07-28T11:49:08.571] [INFO] default - 1564314548571:INFO: lists-dao-mongogb.getDbConnection(): MongoDB connection initialized.
[2019-07-28T11:49:08.572] [INFO] default - 1564314548572:INFO: items-dao-mongogb.getDbConnection(): MongoDB connection initialized.
[2019-07-28T11:55:04.264] [INFO] default - 1564314904264:INFO: lists-dao-mongogb.getDbConnection(): Initializing MongoDB connection...
[2019-07-28T11:55:04.283] [INFO] default - 1564314904283:INFO: items-dao-mongogb.getDbConnection(): Initializing MongoDB connection...
[2019-07-28T11:55:04.324] [INFO] default - 1564314904323:INFO: lists-dao-mongogb.getDbConnection(): MongoDB connection initialized.
[2019-07-28T11:55:04.327] [INFO] default - 1564314904327:INFO: items-dao-mongogb.getDbConnection(): MongoDB connection initialized.
[2019-07-28T11:56:00.119] [INFO] default - 1564314960119:INFO: lists-dao-mongogb.getDbConnection(): Initializing MongoDB connection...
[2019-07-28T11:56:00.136] [INFO] default - 1564314960136:INFO: items-dao-mongogb.getDbConnection(): Initializing MongoDB connection...
[2019-07-28T11:56:00.162] [INFO] default - 1564314960162:INFO: lists-dao-mongogb.getDbConnection(): MongoDB connection initialized.
[2019-07-28T11:56:00.164] [INFO] default - 1564314960164:INFO: items-dao-mongogb.getDbConnection(): MongoDB connection initialized.
[2019-07-28T11:58:20.146] [INFO] default - 1564315100146:INFO: lists-dao-mongogb.getDbConnection(): Initializing MongoDB connection...
[2019-07-28T11:58:20.163] [INFO] default - 1564315100163:INFO: items-dao-mongogb.getDbConnection(): Initializing MongoDB connection...
[2019-07-28T11:58:20.192] [INFO] default - 1564315100192:INFO: items-dao-mongogb.getDbConnection(): MongoDB connection initialized.
[2019-07-28T11:58:20.194] [INFO] default - 1564315100194:INFO: lists-dao-mongogb.getDbConnection(): MongoDB connection initialized.
[2019-07-28T11:58:23.833] [INFO] default - 1564315103833:INFO: lists-dao-mongogb.getDbConnection(): Initializing MongoDB connection...
[2019-07-28T11:58:23.849] [INFO] default - 1564315103849:INFO: items-dao-mongogb.getDbConnection(): Initializing MongoDB connection...
[2019-07-28T11:58:23.878] [INFO] default - 1564315103878:INFO: lists-dao-mongogb.getDbConnection(): MongoDB connection initialized.
[2019-07-28T11:58:23.881] [INFO] default - 1564315103881:INFO: items-dao-mongogb.getDbConnection(): MongoDB connection initialized.
[2019-07-28T11:59:25.891] [INFO] default - 1564315165891:INFO: lists-dao-mongogb.getDbConnection(): Initializing MongoDB connection...
[2019-07-28T11:59:25.908] [INFO] default - 1564315165907:INFO: items-dao-mongogb.getDbConnection(): Initializing MongoDB connection...
[2019-07-28T11:59:25.939] [INFO] default - 1564315165939:INFO: lists-dao-mongogb.getDbConnection(): MongoDB connection initialized.
[2019-07-28T11:59:25.942] [INFO] default - 1564315165942:INFO: items-dao-mongogb.getDbConnection(): MongoDB connection initialized.
[2019-07-28T11:59:38.501] [INFO] default - 1564315178501:INFO: lists-dao-mongogb.getDbConnection(): Initializing MongoDB connection...
[2019-07-28T11:59:38.516] [INFO] default - 1564315178516:INFO: items-dao-mongogb.getDbConnection(): Initializing MongoDB connection...
[2019-07-28T11:59:38.543] [INFO] default - 1564315178543:INFO: lists-dao-mongogb.getDbConnection(): MongoDB connection initialized.
[2019-07-28T11:59:38.546] [INFO] default - 1564315178546:INFO: items-dao-mongogb.getDbConnection(): MongoDB connection initialized.
[2019-07-28T11:59:52.117] [INFO] default - 1564315192117:INFO: lists-dao-mongogb.getDbConnection(): Initializing MongoDB connection...
[2019-07-28T11:59:52.133] [INFO] default - 1564315192133:INFO: items-dao-mongogb.getDbConnection(): Initializing MongoDB connection...
[2019-07-28T11:59:52.163] [INFO] default - 1564315192163:INFO: lists-dao-mongogb.getDbConnection(): MongoDB connection initialized.
[2019-07-28T11:59:52.166] [INFO] default - 1564315192166:INFO: items-dao-mongogb.getDbConnection(): MongoDB connection initialized.
[2019-07-28T12:04:33.403] [INFO] default - 1564315473403:INFO: lists-dao-mongogb.getDbConnection(): Initializing MongoDB connection...
[2019-07-28T12:04:33.419] [INFO] default - 1564315473419:INFO: items-dao-mongogb.getDbConnection(): Initializing MongoDB connection...
[2019-07-28T12:04:33.444] [INFO] default - 1564315473444:INFO: lists-dao-mongogb.getDbConnection(): MongoDB connection initialized.
[2019-07-28T12:04:33.447] [INFO] default - 1564315473447:INFO: items-dao-mongogb.getDbConnection(): MongoDB connection initialized.
